This is pdfTeX, Version 3.14159265-2.6-1.40.16 (TeX Live 2015) (preloaded format=pdflatex 2015.5.24)  2 OCT 2017 23:11
entering extended mode
 restricted \write18 enabled.
 file:line:error style messages enabled.
 %&-line parsing enabled.
**krikorian_matthew_a1.tex
(./krikorian_matthew_a1.tex
LaTeX2e <2015/01/01>
Babel <3.9l> and hyphenation patterns for 79 languages loaded.
(/usr/local/texlive/2015/texmf-dist/tex/latex/base/article.cls
Document Class: article 2014/09/29 v1.4h Standard LaTeX document class
(/usr/local/texlive/2015/texmf-dist/tex/latex/base/size10.clo
File: size10.clo 2014/09/29 v1.4h Standard LaTeX file (size option)
)
\c@part=\count79
\c@section=\count80
\c@subsection=\count81
\c@subsubsection=\count82
\c@paragraph=\count83
\c@subparagraph=\count84
\c@figure=\count85
\c@table=\count86
\abovecaptionskip=\skip41
\belowcaptionskip=\skip42
\bibindent=\dimen102
)
(/usr/local/texlive/2015/texmf-dist/tex/latex/graphics/graphicx.sty
Package: graphicx 2014/10/28 v1.0g Enhanced LaTeX Graphics (DPC,SPQR)

(/usr/local/texlive/2015/texmf-dist/tex/latex/graphics/keyval.sty
Package: keyval 2014/10/28 v1.15 key=value parser (DPC)
\KV@toks@=\toks14
)
(/usr/local/texlive/2015/texmf-dist/tex/latex/graphics/graphics.sty
Package: graphics 2014/10/28 v1.0p Standard LaTeX Graphics (DPC,SPQR)

(/usr/local/texlive/2015/texmf-dist/tex/latex/graphics/trig.sty
Package: trig 1999/03/16 v1.09 sin cos tan (DPC)
)
(/usr/local/texlive/2015/texmf-dist/tex/latex/latexconfig/graphics.cfg
File: graphics.cfg 2010/04/23 v1.9 graphics configuration of TeX Live
)
Package graphics Info: Driver file: pdftex.def on input line 94.

(/usr/local/texlive/2015/texmf-dist/tex/latex/pdftex-def/pdftex.def
File: pdftex.def 2011/05/27 v0.06d Graphics/color for pdfTeX

(/usr/local/texlive/2015/texmf-dist/tex/generic/oberdiek/infwarerr.sty
Package: infwarerr 2010/04/08 v1.3 Providing info/warning/error messages (HO)
)
(/usr/local/texlive/2015/texmf-dist/tex/generic/oberdiek/ltxcmds.sty
Package: ltxcmds 2011/11/09 v1.22 LaTeX kernel commands for general use (HO)
)
\Gread@gobject=\count87
))
\Gin@req@height=\dimen103
\Gin@req@width=\dimen104
)
(/usr/local/texlive/2015/texmf-dist/tex/latex/listings/listings.sty
\lst@mode=\count88
\lst@gtempboxa=\box26
\lst@token=\toks15
\lst@length=\count89
\lst@currlwidth=\dimen105
\lst@column=\count90
\lst@pos=\count91
\lst@lostspace=\dimen106
\lst@width=\dimen107
\lst@newlines=\count92
\lst@lineno=\count93
\lst@maxwidth=\dimen108

(/usr/local/texlive/2015/texmf-dist/tex/latex/listings/lstmisc.sty
File: lstmisc.sty 2014/09/06 1.5e (Carsten Heinz)
\c@lstnumber=\count94
\lst@skipnumbers=\count95
\lst@framebox=\box27
)
(/usr/local/texlive/2015/texmf-dist/tex/latex/listings/listings.cfg
File: listings.cfg 2014/09/06 1.5e listings configuration
))
Package: listings 2014/09/06 1.5e (Carsten Heinz)

(/usr/local/texlive/2015/texmf-dist/tex/latex/graphics/color.sty
Package: color 2014/10/28 v1.1a Standard LaTeX Color (DPC)

(/usr/local/texlive/2015/texmf-dist/tex/latex/latexconfig/color.cfg
File: color.cfg 2007/01/18 v1.5 color configuration of teTeX/TeXLive
)
Package color Info: Driver file: pdftex.def on input line 142.
)
(/usr/local/texlive/2015/texmf-dist/tex/latex/was/gensymb.sty
Package: gensymb 2003/07/02 v1.0 (WaS)
)
(/usr/local/texlive/2015/texmf-dist/tex/latex/listings/lstlang1.sty
File: lstlang1.sty 2014/09/06 1.5e listings language file
)
(./krikorian_matthew_a1.aux

LaTeX Warning: Label `fig:greedymedium' multiply defined.


LaTeX Warning: Label `fig:greedybig' multiply defined.

)
\openout1 = `krikorian_matthew_a1.aux'.

LaTeX Font Info:    Checking defaults for OML/cmm/m/it on input line 34.
LaTeX Font Info:    ... okay on input line 34.
LaTeX Font Info:    Checking defaults for T1/cmr/m/n on input line 34.
LaTeX Font Info:    ... okay on input line 34.
LaTeX Font Info:    Checking defaults for OT1/cmr/m/n on input line 34.
LaTeX Font Info:    ... okay on input line 34.
LaTeX Font Info:    Checking defaults for OMS/cmsy/m/n on input line 34.
LaTeX Font Info:    ... okay on input line 34.
LaTeX Font Info:    Checking defaults for OMX/cmex/m/n on input line 34.
LaTeX Font Info:    ... okay on input line 34.
LaTeX Font Info:    Checking defaults for U/cmr/m/n on input line 34.
LaTeX Font Info:    ... okay on input line 34.
 (/usr/local/texlive/2015/texmf-dist/tex/context/base/supp-pdf.mkii
[Loading MPS to PDF converter (version 2006.09.02).]
\scratchcounter=\count96
\scratchdimen=\dimen109
\scratchbox=\box28
\nofMPsegments=\count97
\nofMParguments=\count98
\everyMPshowfont=\toks16
\MPscratchCnt=\count99
\MPscratchDim=\dimen110
\MPnumerator=\count100
\makeMPintoPDFobject=\count101
\everyMPtoPDFconversion=\toks17
) (/usr/local/texlive/2015/texmf-dist/tex/generic/oberdiek/pdftexcmds.sty
Package: pdftexcmds 2011/11/29 v0.20 Utility functions of pdfTeX for LuaTeX (HO
)

(/usr/local/texlive/2015/texmf-dist/tex/generic/oberdiek/ifluatex.sty
Package: ifluatex 2010/03/01 v1.3 Provides the ifluatex switch (HO)
Package ifluatex Info: LuaTeX not detected.
)
(/usr/local/texlive/2015/texmf-dist/tex/generic/oberdiek/ifpdf.sty
Package: ifpdf 2011/01/30 v2.3 Provides the ifpdf switch (HO)
Package ifpdf Info: pdfTeX in PDF mode is detected.
)
Package pdftexcmds Info: LuaTeX not detected.
Package pdftexcmds Info: \pdf@primitive is available.
Package pdftexcmds Info: \pdf@ifprimitive is available.
Package pdftexcmds Info: \pdfdraftmode found.
)
(/usr/local/texlive/2015/texmf-dist/tex/latex/oberdiek/epstopdf-base.sty
Package: epstopdf-base 2010/02/09 v2.5 Base part for package epstopdf

(/usr/local/texlive/2015/texmf-dist/tex/latex/oberdiek/grfext.sty
Package: grfext 2010/08/19 v1.1 Manage graphics extensions (HO)

(/usr/local/texlive/2015/texmf-dist/tex/generic/oberdiek/kvdefinekeys.sty
Package: kvdefinekeys 2011/04/07 v1.3 Define keys (HO)
))
(/usr/local/texlive/2015/texmf-dist/tex/latex/oberdiek/kvoptions.sty
Package: kvoptions 2011/06/30 v3.11 Key value format for package options (HO)

(/usr/local/texlive/2015/texmf-dist/tex/generic/oberdiek/kvsetkeys.sty
Package: kvsetkeys 2012/04/25 v1.16 Key value parser (HO)

(/usr/local/texlive/2015/texmf-dist/tex/generic/oberdiek/etexcmds.sty
Package: etexcmds 2011/02/16 v1.5 Avoid name clashes with e-TeX commands (HO)
Package etexcmds Info: Could not find \expanded.
(etexcmds)             That can mean that you are not using pdfTeX 1.50 or
(etexcmds)             that some package has redefined \expanded.
(etexcmds)             In the latter case, load this package earlier.
)))
Package grfext Info: Graphics extension search list:
(grfext)             [.png,.pdf,.jpg,.mps,.jpeg,.jbig2,.jb2,.PNG,.PDF,.JPG,.JPE
G,.JBIG2,.JB2,.eps]
(grfext)             \AppendGraphicsExtensions on input line 452.

(/usr/local/texlive/2015/texmf-dist/tex/latex/latexconfig/epstopdf-sys.cfg
File: epstopdf-sys.cfg 2010/07/13 v1.3 Configuration of (r)epstopdf for TeX Liv
e
))
\c@lstlisting=\count102
LaTeX Info: Redefining \celsius on input line 34.
Package gensymb Info: Faking symbols for \degree and \celsius on input line 34.



Package gensymb Warning: Not defining \perthousand.

LaTeX Info: Redefining \ohm on input line 34.
Package gensymb Info: Using \Omega for \ohm on input line 34.

Package gensymb Warning: Not defining \micro.

LaTeX Font Info:    External font `cmex10' loaded for size
(Font)              <12> on input line 36.
LaTeX Font Info:    External font `cmex10' loaded for size
(Font)              <8> on input line 36.
LaTeX Font Info:    External font `cmex10' loaded for size
(Font)              <6> on input line 36.
[1

{/usr/local/texlive/2015/texmf-var/fonts/map/pdftex/updmap/pdftex.map}]
LaTeX Font Info:    Try loading font information for OMS+cmr on input line 42.

(/usr/local/texlive/2015/texmf-dist/tex/latex/base/omscmr.fd
File: omscmr.fd 2014/09/29 v2.5h Standard LaTeX font definitions
)
LaTeX Font Info:    Font shape `OMS/cmr/m/n' in size <10> not available
(Font)              Font shape `OMS/cmsy/m/n' tried instead on input line 42.
LaTeX Font Info:    External font `cmex10' loaded for size
(Font)              <7> on input line 42.
LaTeX Font Info:    External font `cmex10' loaded for size
(Font)              <5> on input line 42.

Underfull \hbox (badness 10000) in paragraph at lines 46--47

 []


Underfull \hbox (badness 10000) in paragraph at lines 52--53

 []

[1] <dfsmedium.png, id=17, 475.7775pt x 544.0325pt>
File: dfsmedium.png Graphic file (type png)
 <use dfsmedium.png>
Package pdftex.def Info: dfsmedium.png used on input line 217.
(pdftex.def)             Requested size: 345.0pt x 394.50893pt.

[2 <./dfsmedium.png>] <bfsmedium.png, id=23, 473.77pt x 546.04pt>
File: bfsmedium.png Graphic file (type png)

<use bfsmedium.png>
Package pdftex.def Info: bfsmedium.png used on input line 226.
(pdftex.def)             Requested size: 345.0pt x 397.63939pt.
 [3 <./bfsmedium.png>]
<greedymedium.png, id=28, 464.73625pt x 544.0325pt>
File: greedymedium.png Graphic file (type png)
 <use greedymedium.png>
Package pdftex.def Info: greedymedium.png used on input line 235.
(pdftex.def)             Requested size: 345.0pt x 403.87274pt.

[4 <./greedymedium.png>] <astarmedium.png, id=33, 470.75874pt x 540.0175pt>
File: astarmedium.png Graphic file (type png)

<use astarmedium.png>
Package pdftex.def Info: astarmedium.png used on input line 244.
(pdftex.def)             Requested size: 345.0pt x 395.7586pt.
 [5 <./astarmedium.png>]
<dfsbig.png, id=38, 617.30624pt x 698.61pt>
File: dfsbig.png Graphic file (type png)
 <use dfsbig.png>
Package pdftex.def Info: dfsbig.png used on input line 257.
(pdftex.def)             Requested size: 345.0pt x 390.45142pt.
 [6 <./dfsbig.png>] <bfsbig.png, id=44, 620.3175pt x 699.61375pt>
File: bfsbig.png Graphic file (type png)
 <use bfsbig.png>
Package pdftex.def Info: bfsbig.png used on input line 266.
(pdftex.def)             Requested size: 345.0pt x 389.10155pt.
 [7 <./bfsbig.png>] <greedybig.png, id=49, 619.31375pt x 699.61375pt>
File: greedybig.png Graphic file (type png)
 <use greedybig.png>
Package pdftex.def Info: greedybig.png used on input line 275.
(pdftex.def)             Requested size: 345.0pt x 389.74207pt.

[8 <./greedybig.png>] <astarbig.png, id=54, 616.3025pt x 698.61pt>
File: astarbig.png Graphic file (type png)

<use astarbig.png>
Package pdftex.def Info: astarbig.png used on input line 284.
(pdftex.def)             Requested size: 345.0pt x 391.08035pt.
 [9 <./astarbig.png>]
<dfsopen.png, id=59, 367.3725pt x 479.7925pt>
File: dfsopen.png Graphic file (type png)
 <use dfsopen.png>
Package pdftex.def Info: dfsopen.png used on input line 297.
(pdftex.def)             Requested size: 289.07999pt x 377.5677pt.
 [10 <./dfsopen.png>] <bfsopen.png, id=64, 368.37625pt x 479.7925pt>
File: bfsopen.png Graphic file (type png)
 <use bfsopen.png>
Package pdftex.def Info: bfsopen.png used on input line 307.
(pdftex.def)             Requested size: 289.07999pt x 376.50615pt.
 [11 <./bfsopen.png>] <greedyopen.png, id=69, 387.4475pt x 482.80376pt>
File: greedyopen.png Graphic file (type png)

<use greedyopen.png>
Package pdftex.def Info: greedyopen.png used on input line 317.
(pdftex.def)             Requested size: 289.07999pt x 360.23071pt.
 [12 <./greedyopen.png>]
<astaropen.png, id=75, 359.3425pt x 479.7925pt>
File: astaropen.png Graphic file (type png)
 <use astaropen.png>
Package pdftex.def Info: astaropen.png used on input line 328.
(pdftex.def)             Requested size: 289.07999pt x 386.00885pt.
 [13 <./astaropen.png>] <bfstiny1-2.png, id=80, 351.81438pt x 167.62625pt>
File: bfstiny1-2.png Graphic file (type png)

<use bfstiny1-2.png>
Package pdftex.def Info: bfstiny1-2.png used on input line 464.
(pdftex.def)             Requested size: 345.0pt x 164.37746pt.
 [14 <./bfstiny1-2.png>]
<astartiny1-2.png, id=85, 348.30125pt x 169.63374pt>
File: astartiny1-2.png Graphic file (type png)
 <use astartiny1-2.png>
Package pdftex.def Info: astartiny1-2.png used on input line 473.
(pdftex.def)             Requested size: 345.0pt x 168.03368pt.

[15 <./astartiny1-2.png>] <bfssmall1-2.png, id=90, 360.84813pt x 220.825pt>
File: bfssmall1-2.png Graphic file (type png)

<use bfssmall1-2.png>
Package pdftex.def Info: bfssmall1-2.png used on input line 486.
(pdftex.def)             Requested size: 345.0pt x 211.12698pt.
 [16 <./bfssmall1-2.png>]
<astarsmall1-2.png, id=95, 355.3275pt x 222.8325pt>
File: astarsmall1-2.png Graphic file (type png)
 <use astarsmall1-2.png>
Package pdftex.def Info: astarsmall1-2.png used on input line 495.
(pdftex.def)             Requested size: 345.0pt x 216.36147pt.

[17 <./astarsmall1-2.png>]
<astarmedium1-2.png, id=100, 358.33875pt x 221.32687pt>
File: astarmedium1-2.png Graphic file (type png)

<use astarmedium1-2.png>
Package pdftex.def Info: astarmedium1-2.png used on input line 517.
(pdftex.def)             Requested size: 345.0pt x 213.10289pt.
 [18 <./astarmedium1-2.png>]
Underfull \hbox (badness 10000) in paragraph at lines 525--526

 []

[19] (./krikorian_matthew_a1.aux)

LaTeX Warning: There were multiply-defined labels.

 ) 
Here is how much of TeX's memory you used:
 2923 strings out of 493089
 43080 string characters out of 6134842
 122904 words of memory out of 5000000
 6373 multiletter control sequences out of 15000+600000
 8241 words of font info for 29 fonts, out of 8000000 for 9000
 1141 hyphenation exceptions out of 8191
 38i,6n,40p,1012b,232s stack positions out of 5000i,500n,10000p,200000b,80000s
</usr/local/texlive/2015/texmf-dist/fonts/type1/public/amsfonts/cm/cmbx10.pfb
></usr/local/texlive/2015/texmf-dist/fonts/type1/public/amsfonts/cm/cmbx12.pfb>
</usr/local/texlive/2015/texmf-dist/fonts/type1/public/amsfonts/cm/cmmi10.pfb><
/usr/local/texlive/2015/texmf-dist/fonts/type1/public/amsfonts/cm/cmr10.pfb></u
sr/local/texlive/2015/texmf-dist/fonts/type1/public/amsfonts/cm/cmr12.pfb></usr
/local/texlive/2015/texmf-dist/fonts/type1/public/amsfonts/cm/cmr17.pfb></usr/l
ocal/texlive/2015/texmf-dist/fonts/type1/public/amsfonts/cm/cmr7.pfb></usr/loca
l/texlive/2015/texmf-dist/fonts/type1/public/amsfonts/cm/cmsy10.pfb></usr/local
/texlive/2015/texmf-dist/fonts/type1/public/amsfonts/cm/cmti10.pfb>
Output written on krikorian_matthew_a1.pdf (20 pages, 612153 bytes).
PDF statistics:
 140 PDF objects out of 1000 (max. 8388607)
 74 compressed objects within 1 object stream
 0 named destinations out of 1000 (max. 500000)
 86 words of extra memory for PDF output out of 10000 (max. 10000000)

